<?xml version="1.0" encoding="UTF-8"?>
<testsuite name="org.hyperledger.fabric.samples.ehr.EHRSmartContractTest$InvokeReadEHRTransaction" tests="2" skipped="0" failures="0" errors="0" timestamp="2022-08-15T17:06:12" hostname="Oyindamolas-MacBook-Pro.local" time="0.009">
  <properties/>
  <testcase name="whenEHRDataDoesNotExist()" classname="org.hyperledger.fabric.samples.ehr.EHRSmartContractTest$InvokeReadEHRTransaction" time="0.005"/>
  <testcase name="whenEHRDataExists()" classname="org.hyperledger.fabric.samples.ehr.EHRSmartContractTest$InvokeReadEHRTransaction" time="0.003"/>
  <system-out><![CDATA[]]></system-out>
  <system-err><![CDATA[]]></system-err>
</testsuite>
