<?xml version="1.0" encoding="UTF-8"?>
<testsuite name="org.hyperledger.fabric.samples.ehr.EHRSmartContractTest" tests="2" skipped="0" failures="0" errors="0" timestamp="2022-08-15T17:06:11" hostname="Oyindamolas-MacBook-Pro.local" time="0.977">
  <properties/>
  <testcase name="invokeGetAllEHRDataTransaction()" classname="org.hyperledger.fabric.samples.ehr.EHRSmartContractTest" time="0.96"/>
  <testcase name="invokeUnknownTransaction()" classname="org.hyperledger.fabric.samples.ehr.EHRSmartContractTest" time="0.016"/>
  <system-out><![CDATA[]]></system-out>
  <system-err><![CDATA[]]></system-err>
</testsuite>
