<?xml version="1.0" encoding="UTF-8"?>
<testsuite name="org.hyperledger.fabric.samples.ehr.EHRTest" tests="1" skipped="0" failures="0" errors="0" timestamp="2022-08-15T17:06:12" hostname="Oyindamolas-MacBook-Pro.local" time="0.034">
  <properties/>
  <testcase name="toStringIdentifiesAsset()" classname="org.hyperledger.fabric.samples.ehr.EHRTest" time="0.034"/>
  <system-out><![CDATA[]]></system-out>
  <system-err><![CDATA[]]></system-err>
</testsuite>
